Using pre-set license
Built from '2020.2/release' branch; Version is '2020.2.2f1 (068178b99f32) revision 426360'; Using compiler version '192528614'; Build Type 'Release'
OS: 'Windows 10 Education; OS build 19042.985; Version 2009; 64bit' Language: 'ko' Physical Memory: 32717 MB
BatchMode: 1, IsHumanControllingUs: 0, StartBugReporterOnCrash: 0, Is64bit: 1, IsPro: 0

 COMMAND LINE ARGUMENTS:
C:\Program Files\Unity\Editor\Unity.exe
-adb2
-batchMode
-noUpm
-name
AssetImportWorker0
-projectPath
D:/20161675
-logFile
Logs/AssetImportWorker0.log
-srvPort
49238
Successfully changed project path to: D:/20161675
D:/20161675
Using Asset Import Pipeline V2.
Refreshing native plugins compatible for Editor in 33.62 ms, found 2 plugins.
Preloading 0 native plugins for Editor in 0.00 ms.
Initialize engine version: 2020.2.2f1 (068178b99f32)
[Subsystems] Discovering subsystems at path C:/Program Files/Unity/Editor/Data/Resources/UnitySubsystems
[Subsystems] Discovering subsystems at path D:/20161675/Assets
GfxDevice: creating device client; threaded=0
Direct3D:
    Version:  Direct3D 11.0 [level 11.1]
    Renderer: NVIDIA GeForce RTX 2060 SUPER (ID=0x1f06)
    Vendor:   
    VRAM:     8031 MB
    Driver:   27.21.14.5751
Initialize mono
Mono path[0] = 'C:/Program Files/Unity/Editor/Data/Managed'
Mono path[1] = 'C:/Program Files/Unity/Editor/Data/MonoBleedingEdge/lib/mono/unityjit'
Mono config path = 'C:/Program Files/Unity/Editor/Data/MonoBleedingEdge/etc'
Using monoOptions --debugger-agent=transport=dt_socket,embedding=1,server=y,suspend=n,address=127.0.0.1:56396
Begin MonoManager ReloadAssembly
Registering precompiled unity dll's ...
Register platform support module: C:/Program Files/Unity/Editor/Data/PlaybackEngines/WindowsStandaloneSupport/UnityEditor.WindowsStandalone.Extensions.dll
Registered in 0.001562 seconds.
Native extension for WindowsStandalone target not found
Refreshing native plugins compatible for Editor in 31.57 ms, found 2 plugins.
Preloading 0 native plugins for Editor in 0.00 ms.
Invoked RoslynAnalysisRunner static constructor.
RoslynAnalysisRunner will not be running.
RoslynAnalysisRunner has terminated.
Mono: successfully reloaded assembly
- Completed reload, in  0.762 seconds
Platform modules already initialized, skipping
Registering precompiled user dll's ...
Registered in 0.003334 seconds.
Begin MonoManager ReloadAssembly
Native extension for WindowsStandalone target not found
Refreshing native plugins compatible for Editor in 32.75 ms, found 2 plugins.
Preloading 0 native plugins for Editor in 0.00 ms.
Invoked RoslynAnalysisRunner static constructor.
RoslynAnalysisRunner will not be running.
RoslynAnalysisRunner has terminated.
Mono: successfully reloaded assembly
- Completed reload, in  0.836 seconds
Platform modules already initialized, skipping
========================================================================
Worker process is ready to serve import requests
Launched and connected shader compiler UnityShaderCompiler.exe after 0.04 seconds
Refreshing native plugins compatible for Editor in 0.62 ms, found 2 plugins.
Preloading 0 native plugins for Editor in 0.00 ms.
Unloading 1815 Unused Serialized files (Serialized files now loaded: 0)
System memory in use before: 85.4 MB.
System memory in use after: 85.5 MB.

Unloading 36 unused Assets to reduce memory usage. Loaded Objects now: 2330.
Total: 2.031600 ms (FindLiveObjects: 0.327300 ms CreateObjectMapping: 0.065900 ms MarkObjects: 1.565800 ms  DeleteObjects: 0.071400 ms)

========================================================================
Received Prepare
Registering precompiled user dll's ...
Registered in 0.003424 seconds.
Begin MonoManager ReloadAssembly
Native extension for WindowsStandalone target not found
Refreshing native plugins compatible for Editor in 0.48 ms, found 2 plugins.
Preloading 0 native plugins for Editor in 0.00 ms.
Invoked RoslynAnalysisRunner static constructor.
RoslynAnalysisRunner will not be running.
RoslynAnalysisRunner has terminated.
Mono: successfully reloaded assembly
- Completed reload, in  0.724 seconds
Platform modules already initialized, skipping
Refreshing native plugins compatible for Editor in 0.44 ms, found 2 plugins.
Preloading 0 native plugins for Editor in 0.00 ms.
Unloading 1804 Unused Serialized files (Serialized files now loaded: 0)
System memory in use before: 85.1 MB.
System memory in use after: 85.2 MB.

Unloading 23 unused Assets to reduce memory usage. Loaded Objects now: 2333.
Total: 1.852200 ms (FindLiveObjects: 0.219300 ms CreateObjectMapping: 0.041600 ms MarkObjects: 1.564000 ms  DeleteObjects: 0.026300 ms)

========================================================================
Received Import Request.
  path: Assets/Script/DataManager.cs
  artifactKey: Guid(37c778312c7fc884da1b70667504a61d) Importer(815301076,1909f56bfc062723c751e8b465ee728b)
Start importing Assets/Script/DataManager.cs using Guid(37c778312c7fc884da1b70667504a61d) Importer(815301076,1909f56bfc062723c751e8b465ee728b)  -> (artifact id: '113b562fcb9b4226193741e940778471') in 0.017859 seconds
  Import took 0.020409 seconds .

========================================================================
Received Import Request.
  Time since last request: 0.008239 seconds.
  path: Assets/Script/DataManager.cs
  artifactKey: Guid(37c778312c7fc884da1b70667504a61d) Importer(815301076,1909f56bfc062723c751e8b465ee728b)
Start importing Assets/Script/DataManager.cs using Guid(37c778312c7fc884da1b70667504a61d) Importer(815301076,1909f56bfc062723c751e8b465ee728b)  -> (artifact id: '113b562fcb9b4226193741e940778471') in 0.001348 seconds
  Import took 0.003728 seconds .

========================================================================
Received Prepare
Registering precompiled user dll's ...
Registered in 0.003423 seconds.
Begin MonoManager ReloadAssembly
Native extension for WindowsStandalone target not found
Refreshing native plugins compatible for Editor in 0.47 ms, found 2 plugins.
Preloading 0 native plugins for Editor in 0.00 ms.
Invoked RoslynAnalysisRunner static constructor.
RoslynAnalysisRunner will not be running.
RoslynAnalysisRunner has terminated.
Mono: successfully reloaded assembly
- Completed reload, in  0.727 seconds
Platform modules already initialized, skipping
Refreshing native plugins compatible for Editor in 0.49 ms, found 2 plugins.
Preloading 0 native plugins for Editor in 0.00 ms.
Unloading 1805 Unused Serialized files (Serialized files now loaded: 0)
System memory in use before: 85.2 MB.
System memory in use after: 85.3 MB.

Unloading 23 unused Assets to reduce memory usage. Loaded Objects now: 2337.
Total: 1.789700 ms (FindLiveObjects: 0.213000 ms CreateObjectMapping: 0.041200 ms MarkObjects: 1.509400 ms  DeleteObjects: 0.025100 ms)

========================================================================
Received Import Request.
  Time since last request: 21.243497 seconds.
  path: Assets/UIManager.cs
  artifactKey: Guid(0aa01b0d031f1174298cb0741d286fc6) Importer(815301076,1909f56bfc062723c751e8b465ee728b)
Start importing Assets/UIManager.cs using Guid(0aa01b0d031f1174298cb0741d286fc6) Importer(815301076,1909f56bfc062723c751e8b465ee728b)  -> (artifact id: 'b4036aa545a55d1242ec8f9ff157e40c') in 0.003596 seconds
  Import took 0.006024 seconds .

========================================================================
Received Import Request.
  Time since last request: 0.001235 seconds.
  path: Assets/UIManager.cs
  artifactKey: Guid(0aa01b0d031f1174298cb0741d286fc6) Importer(815301076,1909f56bfc062723c751e8b465ee728b)
Start importing Assets/UIManager.cs using Guid(0aa01b0d031f1174298cb0741d286fc6) Importer(815301076,1909f56bfc062723c751e8b465ee728b)  -> (artifact id: 'b4036aa545a55d1242ec8f9ff157e40c') in 0.001219 seconds
  Import took 0.003675 seconds .

========================================================================
Received Prepare
Registering precompiled user dll's ...
Registered in 0.003430 seconds.
Begin MonoManager ReloadAssembly
Native extension for WindowsStandalone target not found
Refreshing native plugins compatible for Editor in 0.47 ms, found 2 plugins.
Preloading 0 native plugins for Editor in 0.00 ms.
Invoked RoslynAnalysisRunner static constructor.
RoslynAnalysisRunner will not be running.
RoslynAnalysisRunner has terminated.
Mono: successfully reloaded assembly
- Completed reload, in  0.757 seconds
Platform modules already initialized, skipping
Refreshing native plugins compatible for Editor in 0.50 ms, found 2 plugins.
Preloading 0 native plugins for Editor in 0.00 ms.
Unloading 1804 Unused Serialized files (Serialized files now loaded: 0)
System memory in use before: 85.3 MB.
System memory in use after: 85.4 MB.

Unloading 24 unused Assets to reduce memory usage. Loaded Objects now: 2339.
Total: 1.735800 ms (FindLiveObjects: 0.241500 ms CreateObjectMapping: 0.042500 ms MarkObjects: 1.433800 ms  DeleteObjects: 0.016900 ms)

========================================================================
Received Import Request.
  Time since last request: 95.525310 seconds.
  path: Assets/Script/UIManager.cs
  artifactKey: Guid(544e86d46016a5849aa479be4a4f0838) Importer(815301076,1909f56bfc062723c751e8b465ee728b)
Start importing Assets/Script/UIManager.cs using Guid(544e86d46016a5849aa479be4a4f0838) Importer(815301076,1909f56bfc062723c751e8b465ee728b)  -> (artifact id: 'd57f3e097d3abc3f8450d0393c7644f8') in 0.003809 seconds
  Import took 0.006529 seconds .

========================================================================
Received Prepare
Registering precompiled user dll's ...
Registered in 0.003455 seconds.
Begin MonoManager ReloadAssembly
Native extension for WindowsStandalone target not found
Refreshing native plugins compatible for Editor in 0.46 ms, found 2 plugins.
Preloading 0 native plugins for Editor in 0.00 ms.
Invoked RoslynAnalysisRunner static constructor.
RoslynAnalysisRunner will not be running.
RoslynAnalysisRunner has terminated.
Mono: successfully reloaded assembly
- Completed reload, in  0.725 seconds
Platform modules already initialized, skipping
Refreshing native plugins compatible for Editor in 0.48 ms, found 2 plugins.
Preloading 0 native plugins for Editor in 0.00 ms.
Unloading 1805 Unused Serialized files (Serialized files now loaded: 0)
System memory in use before: 85.4 MB.
System memory in use after: 85.5 MB.

Unloading 23 unused Assets to reduce memory usage. Loaded Objects now: 2343.
Total: 1.762200 ms (FindLiveObjects: 0.195000 ms CreateObjectMapping: 0.046700 ms MarkObjects: 1.501600 ms  DeleteObjects: 0.018000 ms)

========================================================================
Received Prepare
Registering precompiled user dll's ...
Registered in 0.003382 seconds.
Begin MonoManager ReloadAssembly
Native extension for WindowsStandalone target not found
Refreshing native plugins compatible for Editor in 0.46 ms, found 2 plugins.
Preloading 0 native plugins for Editor in 0.00 ms.
Invoked RoslynAnalysisRunner static constructor.
RoslynAnalysisRunner will not be running.
RoslynAnalysisRunner has terminated.
Mono: successfully reloaded assembly
- Completed reload, in  0.712 seconds
Platform modules already initialized, skipping
Refreshing native plugins compatible for Editor in 0.48 ms, found 2 plugins.
Preloading 0 native plugins for Editor in 0.00 ms.
Unloading 1805 Unused Serialized files (Serialized files now loaded: 0)
System memory in use before: 85.5 MB.
System memory in use after: 85.6 MB.

Unloading 23 unused Assets to reduce memory usage. Loaded Objects now: 2346.
Total: 2.109000 ms (FindLiveObjects: 0.299400 ms CreateObjectMapping: 0.052700 ms MarkObjects: 1.735300 ms  DeleteObjects: 0.020500 ms)

========================================================================
Received Prepare
Registering precompiled user dll's ...
Registered in 0.003391 seconds.
Begin MonoManager ReloadAssembly
Native extension for WindowsStandalone target not found
Refreshing native plugins compatible for Editor in 0.51 ms, found 2 plugins.
Preloading 0 native plugins for Editor in 0.00 ms.
Invoked RoslynAnalysisRunner static constructor.
RoslynAnalysisRunner will not be running.
RoslynAnalysisRunner has terminated.
Mono: successfully reloaded assembly
- Completed reload, in  0.734 seconds
Platform modules already initialized, skipping
Refreshing native plugins compatible for Editor in 0.50 ms, found 2 plugins.
Preloading 0 native plugins for Editor in 0.00 ms.
Unloading 1805 Unused Serialized files (Serialized files now loaded: 0)
System memory in use before: 85.6 MB.
System memory in use after: 85.7 MB.

Unloading 23 unused Assets to reduce memory usage. Loaded Objects now: 2349.
Total: 2.100700 ms (FindLiveObjects: 0.228800 ms CreateObjectMapping: 0.040600 ms MarkObjects: 1.804300 ms  DeleteObjects: 0.025600 ms)

========================================================================
Received Prepare
Registering precompiled user dll's ...
Registered in 0.003572 seconds.
Begin MonoManager ReloadAssembly
Native extension for WindowsStandalone target not found
Refreshing native plugins compatible for Editor in 0.47 ms, found 2 plugins.
Preloading 0 native plugins for Editor in 0.00 ms.
Invoked RoslynAnalysisRunner static constructor.
RoslynAnalysisRunner will not be running.
RoslynAnalysisRunner has terminated.
Mono: successfully reloaded assembly
- Completed reload, in  0.697 seconds
Platform modules already initialized, skipping
Refreshing native plugins compatible for Editor in 0.54 ms, found 2 plugins.
Preloading 0 native plugins for Editor in 0.00 ms.
Unloading 1805 Unused Serialized files (Serialized files now loaded: 0)
System memory in use before: 85.7 MB.
System memory in use after: 85.8 MB.

Unloading 23 unused Assets to reduce memory usage. Loaded Objects now: 2352.
Total: 1.817900 ms (FindLiveObjects: 0.241300 ms CreateObjectMapping: 0.042300 ms MarkObjects: 1.509900 ms  DeleteObjects: 0.023600 ms)

========================================================================
Received Prepare
Registering precompiled user dll's ...
Registered in 0.003674 seconds.
Begin MonoManager ReloadAssembly
Native extension for WindowsStandalone target not found
Refreshing native plugins compatible for Editor in 0.50 ms, found 2 plugins.
Preloading 0 native plugins for Editor in 0.00 ms.
Invoked RoslynAnalysisRunner static constructor.
RoslynAnalysisRunner will not be running.
RoslynAnalysisRunner has terminated.
Mono: successfully reloaded assembly
- Completed reload, in  0.722 seconds
Platform modules already initialized, skipping
Refreshing native plugins compatible for Editor in 0.44 ms, found 2 plugins.
Preloading 0 native plugins for Editor in 0.00 ms.
Unloading 1805 Unused Serialized files (Serialized files now loaded: 0)
System memory in use before: 85.8 MB.
System memory in use after: 85.9 MB.

Unloading 23 unused Assets to reduce memory usage. Loaded Objects now: 2355.
Total: 1.863100 ms (FindLiveObjects: 0.215500 ms CreateObjectMapping: 0.047700 ms MarkObjects: 1.562600 ms  DeleteObjects: 0.036400 ms)

========================================================================
Received Prepare
Registering precompiled user dll's ...
Registered in 0.003434 seconds.
Begin MonoManager ReloadAssembly
Native extension for WindowsStandalone target not found
Refreshing native plugins compatible for Editor in 0.45 ms, found 2 plugins.
Preloading 0 native plugins for Editor in 0.00 ms.
Invoked RoslynAnalysisRunner static constructor.
RoslynAnalysisRunner will not be running.
RoslynAnalysisRunner has terminated.
Mono: successfully reloaded assembly
- Completed reload, in  0.733 seconds
Platform modules already initialized, skipping
Refreshing native plugins compatible for Editor in 0.50 ms, found 2 plugins.
Preloading 0 native plugins for Editor in 0.00 ms.
Unloading 1805 Unused Serialized files (Serialized files now loaded: 0)
System memory in use before: 85.8 MB.
System memory in use after: 85.9 MB.

Unloading 23 unused Assets to reduce memory usage. Loaded Objects now: 2358.
Total: 1.880300 ms (FindLiveObjects: 0.231800 ms CreateObjectMapping: 0.042100 ms MarkObjects: 1.587400 ms  DeleteObjects: 0.018200 ms)

========================================================================
Received Import Request.
  Time since last request: 470.757194 seconds.
  path: ProjectSettings/TagManager.asset
  artifactKey: Guid(00000000000000003000000000000000) Importer(815301076,1909f56bfc062723c751e8b465ee728b)
Start importing ProjectSettings/TagManager.asset using Guid(00000000000000003000000000000000) Importer(815301076,1909f56bfc062723c751e8b465ee728b)  -> (artifact id: '4c7dddc86b99d6b078d205a83453ffe6') in 0.015045 seconds
  Import took 0.017705 seconds .

========================================================================
Received Prepare
Registering precompiled user dll's ...
Registered in 0.003363 seconds.
Begin MonoManager ReloadAssembly
Native extension for WindowsStandalone target not found
Refreshing native plugins compatible for Editor in 0.46 ms, found 2 plugins.
Preloading 0 native plugins for Editor in 0.00 ms.
Invoked RoslynAnalysisRunner static constructor.
RoslynAnalysisRunner will not be running.
RoslynAnalysisRunner has terminated.
Mono: successfully reloaded assembly
- Completed reload, in  0.726 seconds
Platform modules already initialized, skipping
Refreshing native plugins compatible for Editor in 0.47 ms, found 2 plugins.
Preloading 0 native plugins for Editor in 0.00 ms.
Unloading 1805 Unused Serialized files (Serialized files now loaded: 0)
System memory in use before: 85.9 MB.
System memory in use after: 86.0 MB.

Unloading 24 unused Assets to reduce memory usage. Loaded Objects now: 2361.
Total: 1.705500 ms (FindLiveObjects: 0.218100 ms CreateObjectMapping: 0.041700 ms MarkObjects: 1.421900 ms  DeleteObjects: 0.023000 ms)

========================================================================
Received Import Request.
  Time since last request: 44.704222 seconds.
  path: Assets/Ani/Enemy_death.anim
  artifactKey: Guid(be4fca49ed8476e479ed9a1aa6575595) Importer(815301076,1909f56bfc062723c751e8b465ee728b)
Start importing Assets/Ani/Enemy_death.anim using Guid(be4fca49ed8476e479ed9a1aa6575595) Importer(815301076,1909f56bfc062723c751e8b465ee728b)  -> (artifact id: '3753c1404927c42ddb525b5027223d5b') in 0.015849 seconds
  Import took 0.018997 seconds .

========================================================================
Received Prepare
Registering precompiled user dll's ...
Registered in 0.003321 seconds.
Begin MonoManager ReloadAssembly
Native extension for WindowsStandalone target not found
Refreshing native plugins compatible for Editor in 0.49 ms, found 2 plugins.
Preloading 0 native plugins for Editor in 0.00 ms.
Invoked RoslynAnalysisRunner static constructor.
RoslynAnalysisRunner will not be running.
RoslynAnalysisRunner has terminated.
Mono: successfully reloaded assembly
- Completed reload, in  0.716 seconds
Platform modules already initialized, skipping
Refreshing native plugins compatible for Editor in 0.47 ms, found 2 plugins.
Preloading 0 native plugins for Editor in 0.00 ms.
Unloading 1805 Unused Serialized files (Serialized files now loaded: 0)
System memory in use before: 86.0 MB.
System memory in use after: 86.1 MB.

Unloading 23 unused Assets to reduce memory usage. Loaded Objects now: 2364.
Total: 1.869500 ms (FindLiveObjects: 0.220400 ms CreateObjectMapping: 0.048800 ms MarkObjects: 1.576900 ms  DeleteObjects: 0.022500 ms)

========================================================================
Received Prepare
Registering precompiled user dll's ...
Registered in 0.003738 seconds.
Begin MonoManager ReloadAssembly
Native extension for WindowsStandalone target not found
Refreshing native plugins compatible for Editor in 0.46 ms, found 2 plugins.
Preloading 0 native plugins for Editor in 0.00 ms.
Invoked RoslynAnalysisRunner static constructor.
RoslynAnalysisRunner will not be running.
RoslynAnalysisRunner has terminated.
Mono: successfully reloaded assembly
- Completed reload, in  0.714 seconds
Platform modules already initialized, skipping
Refreshing native plugins compatible for Editor in 0.45 ms, found 2 plugins.
Preloading 0 native plugins for Editor in 0.00 ms.
Unloading 1805 Unused Serialized files (Serialized files now loaded: 0)
System memory in use before: 86.1 MB.
System memory in use after: 86.2 MB.

Unloading 23 unused Assets to reduce memory usage. Loaded Objects now: 2367.
Total: 1.915500 ms (FindLiveObjects: 0.237200 ms CreateObjectMapping: 0.040400 ms MarkObjects: 1.605700 ms  DeleteObjects: 0.031300 ms)

========================================================================
Received Import Request.
  Time since last request: 137.779601 seconds.
  path: Assets/Script/UIManager.cs
  artifactKey: Guid(544e86d46016a5849aa479be4a4f0838) Importer(815301076,1909f56bfc062723c751e8b465ee728b)
Start importing Assets/Script/UIManager.cs using Guid(544e86d46016a5849aa479be4a4f0838) Importer(815301076,1909f56bfc062723c751e8b465ee728b)  -> (artifact id: '94328570dd926e92a8a9712f1c59854d') in 0.003606 seconds
  Import took 0.006170 seconds .

========================================================================
Received Import Request.
  Time since last request: 1.046991 seconds.
  path: Assets/Script/Enemy.cs
  artifactKey: Guid(38f7ebf8511e01f45b325c652a3d7c4b) Importer(815301076,1909f56bfc062723c751e8b465ee728b)
Start importing Assets/Script/Enemy.cs using Guid(38f7ebf8511e01f45b325c652a3d7c4b) Importer(815301076,1909f56bfc062723c751e8b465ee728b)  -> (artifact id: '6c800b4464c18b5553edb2596768e336') in 0.004526 seconds
  Import took 0.007109 seconds .

========================================================================
Received Import Request.
  Time since last request: 0.016376 seconds.
  path: Assets/Script/Enemy.cs
  artifactKey: Guid(38f7ebf8511e01f45b325c652a3d7c4b) Importer(815301076,1909f56bfc062723c751e8b465ee728b)
Start importing Assets/Script/Enemy.cs using Guid(38f7ebf8511e01f45b325c652a3d7c4b) Importer(815301076,1909f56bfc062723c751e8b465ee728b)  -> (artifact id: '6c800b4464c18b5553edb2596768e336') in 0.001274 seconds
  Import took 0.003730 seconds .

========================================================================
Received Prepare
Registering precompiled user dll's ...
Registered in 0.003476 seconds.
Begin MonoManager ReloadAssembly
Native extension for WindowsStandalone target not found
Refreshing native plugins compatible for Editor in 0.47 ms, found 2 plugins.
Preloading 0 native plugins for Editor in 0.00 ms.
Invoked RoslynAnalysisRunner static constructor.
RoslynAnalysisRunner will not be running.
RoslynAnalysisRunner has terminated.
Mono: successfully reloaded assembly
- Completed reload, in  0.714 seconds
Platform modules already initialized, skipping
Refreshing native plugins compatible for Editor in 0.38 ms, found 2 plugins.
Preloading 0 native plugins for Editor in 0.00 ms.
Unloading 1805 Unused Serialized files (Serialized files now loaded: 0)
System memory in use before: 86.2 MB.
System memory in use after: 86.3 MB.

Unloading 23 unused Assets to reduce memory usage. Loaded Objects now: 2370.
Total: 1.919300 ms (FindLiveObjects: 0.224900 ms CreateObjectMapping: 0.055400 ms MarkObjects: 1.616900 ms  DeleteObjects: 0.021000 ms)

========================================================================
Received Import Request.
  Time since last request: 104.777090 seconds.
  path: Assets/Script/Enemy.cs
  artifactKey: Guid(38f7ebf8511e01f45b325c652a3d7c4b) Importer(815301076,1909f56bfc062723c751e8b465ee728b)
Start importing Assets/Script/Enemy.cs using Guid(38f7ebf8511e01f45b325c652a3d7c4b) Importer(815301076,1909f56bfc062723c751e8b465ee728b)  -> (artifact id: '39aaf834084b2f9eeb45ae7433ed0b41') in 0.003575 seconds
  Import took 0.006274 seconds .

========================================================================
Received Import Request.
  Time since last request: 0.029618 seconds.
  path: Assets/Script/Enemy.cs
  artifactKey: Guid(38f7ebf8511e01f45b325c652a3d7c4b) Importer(815301076,1909f56bfc062723c751e8b465ee728b)
Start importing Assets/Script/Enemy.cs using Guid(38f7ebf8511e01f45b325c652a3d7c4b) Importer(815301076,1909f56bfc062723c751e8b465ee728b)  -> (artifact id: '39aaf834084b2f9eeb45ae7433ed0b41') in 0.001325 seconds
  Import took 0.004132 seconds .

========================================================================
Received Prepare
Registering precompiled user dll's ...
Registered in 0.003333 seconds.
Begin MonoManager ReloadAssembly
Native extension for WindowsStandalone target not found
Refreshing native plugins compatible for Editor in 0.46 ms, found 2 plugins.
Preloading 0 native plugins for Editor in 0.00 ms.
Invoked RoslynAnalysisRunner static constructor.
RoslynAnalysisRunner will not be running.
RoslynAnalysisRunner has terminated.
Mono: successfully reloaded assembly
- Completed reload, in  0.702 seconds
Platform modules already initialized, skipping
Refreshing native plugins compatible for Editor in 0.48 ms, found 2 plugins.
Preloading 0 native plugins for Editor in 0.00 ms.
Unloading 1805 Unused Serialized files (Serialized files now loaded: 0)
System memory in use before: 86.3 MB.
System memory in use after: 86.4 MB.

Unloading 23 unused Assets to reduce memory usage. Loaded Objects now: 2373.
Total: 1.868100 ms (FindLiveObjects: 0.243700 ms CreateObjectMapping: 0.050200 ms MarkObjects: 1.556200 ms  DeleteObjects: 0.017100 ms)

========================================================================
Received Prepare
Registering precompiled user dll's ...
Registered in 0.003328 seconds.
Begin MonoManager ReloadAssembly
Native extension for WindowsStandalone target not found
Refreshing native plugins compatible for Editor in 0.49 ms, found 2 plugins.
Preloading 0 native plugins for Editor in 0.00 ms.
Invoked RoslynAnalysisRunner static constructor.
RoslynAnalysisRunner will not be running.
RoslynAnalysisRunner has terminated.
Mono: successfully reloaded assembly
- Completed reload, in  0.732 seconds
Platform modules already initialized, skipping
Refreshing native plugins compatible for Editor in 0.44 ms, found 2 plugins.
Preloading 0 native plugins for Editor in 0.00 ms.
Unloading 1805 Unused Serialized files (Serialized files now loaded: 0)
System memory in use before: 86.4 MB.
System memory in use after: 86.5 MB.

Unloading 23 unused Assets to reduce memory usage. Loaded Objects now: 2376.
Total: 1.801300 ms (FindLiveObjects: 0.196300 ms CreateObjectMapping: 0.049500 ms MarkObjects: 1.532000 ms  DeleteObjects: 0.022700 ms)

========================================================================
Received Import Request.
  Time since last request: 32.545082 seconds.
  path: Assets/Script/Enemy.cs
  artifactKey: Guid(38f7ebf8511e01f45b325c652a3d7c4b) Importer(815301076,1909f56bfc062723c751e8b465ee728b)
Start importing Assets/Script/Enemy.cs using Guid(38f7ebf8511e01f45b325c652a3d7c4b) Importer(815301076,1909f56bfc062723c751e8b465ee728b)  -> (artifact id: 'd3c7f36fe00c0123cc097b8e1d69d07d') in 0.003508 seconds
  Import took 0.005949 seconds .

========================================================================
Received Import Request.
  Time since last request: 0.028498 seconds.
  path: Assets/Script/Enemy.cs
  artifactKey: Guid(38f7ebf8511e01f45b325c652a3d7c4b) Importer(815301076,1909f56bfc062723c751e8b465ee728b)
Start importing Assets/Script/Enemy.cs using Guid(38f7ebf8511e01f45b325c652a3d7c4b) Importer(815301076,1909f56bfc062723c751e8b465ee728b)  -> (artifact id: 'd3c7f36fe00c0123cc097b8e1d69d07d') in 0.001217 seconds
  Import took 0.003133 seconds .

========================================================================
Received Prepare
Registering precompiled user dll's ...
Registered in 0.003327 seconds.
Begin MonoManager ReloadAssembly
Native extension for WindowsStandalone target not found
Refreshing native plugins compatible for Editor in 0.48 ms, found 2 plugins.
Preloading 0 native plugins for Editor in 0.00 ms.
Invoked RoslynAnalysisRunner static constructor.
RoslynAnalysisRunner will not be running.
RoslynAnalysisRunner has terminated.
Mono: successfully reloaded assembly
- Completed reload, in  0.708 seconds
Platform modules already initialized, skipping
Refreshing native plugins compatible for Editor in 0.44 ms, found 2 plugins.
Preloading 0 native plugins for Editor in 0.00 ms.
Unloading 1805 Unused Serialized files (Serialized files now loaded: 0)
System memory in use before: 86.4 MB.
System memory in use after: 86.6 MB.

Unloading 23 unused Assets to reduce memory usage. Loaded Objects now: 2379.
Total: 1.987100 ms (FindLiveObjects: 0.202000 ms CreateObjectMapping: 0.041100 ms MarkObjects: 1.718900 ms  DeleteObjects: 0.024100 ms)

========================================================================
Received Prepare
Registering precompiled user dll's ...
Registered in 0.003391 seconds.
Begin MonoManager ReloadAssembly
Native extension for WindowsStandalone target not found
Refreshing native plugins compatible for Editor in 0.50 ms, found 2 plugins.
Preloading 0 native plugins for Editor in 0.00 ms.
Invoked RoslynAnalysisRunner static constructor.
RoslynAnalysisRunner will not be running.
RoslynAnalysisRunner has terminated.
Mono: successfully reloaded assembly
- Completed reload, in  0.729 seconds
Platform modules already initialized, skipping
Refreshing native plugins compatible for Editor in 0.84 ms, found 2 plugins.
Preloading 0 native plugins for Editor in 0.00 ms.
Unloading 1805 Unused Serialized files (Serialized files now loaded: 0)
System memory in use before: 86.5 MB.
System memory in use after: 86.6 MB.

Unloading 23 unused Assets to reduce memory usage. Loaded Objects now: 2382.
Total: 2.074300 ms (FindLiveObjects: 0.348100 ms CreateObjectMapping: 0.059100 ms MarkObjects: 1.642600 ms  DeleteObjects: 0.022700 ms)

========================================================================
Received Prepare
Registering precompiled user dll's ...
Registered in 0.003516 seconds.
Begin MonoManager ReloadAssembly
Native extension for WindowsStandalone target not found
Refreshing native plugins compatible for Editor in 0.45 ms, found 2 plugins.
Preloading 0 native plugins for Editor in 0.00 ms.
Invoked RoslynAnalysisRunner static constructor.
RoslynAnalysisRunner will not be running.
RoslynAnalysisRunner has terminated.
Mono: successfully reloaded assembly
- Completed reload, in  0.694 seconds
Platform modules already initialized, skipping
Refreshing native plugins compatible for Editor in 0.58 ms, found 2 plugins.
Preloading 0 native plugins for Editor in 0.00 ms.
Unloading 1805 Unused Serialized files (Serialized files now loaded: 0)
System memory in use before: 86.6 MB.
System memory in use after: 86.7 MB.

Unloading 23 unused Assets to reduce memory usage. Loaded Objects now: 2385.
Total: 2.197600 ms (FindLiveObjects: 0.269500 ms CreateObjectMapping: 0.055000 ms MarkObjects: 1.844200 ms  DeleteObjects: 0.028100 ms)

========================================================================
Received Prepare
Registering precompiled user dll's ...
Registered in 0.003357 seconds.
Begin MonoManager ReloadAssembly
Native extension for WindowsStandalone target not found
Refreshing native plugins compatible for Editor in 0.48 ms, found 2 plugins.
Preloading 0 native plugins for Editor in 0.00 ms.
Invoked RoslynAnalysisRunner static constructor.
RoslynAnalysisRunner will not be running.
RoslynAnalysisRunner has terminated.
Mono: successfully reloaded assembly
- Completed reload, in  0.714 seconds
Platform modules already initialized, skipping
Refreshing native plugins compatible for Editor in 0.43 ms, found 2 plugins.
Preloading 0 native plugins for Editor in 0.00 ms.
Unloading 1805 Unused Serialized files (Serialized files now loaded: 0)
System memory in use before: 86.7 MB.
System memory in use after: 86.8 MB.

Unloading 23 unused Assets to reduce memory usage. Loaded Objects now: 2388.
Total: 1.678900 ms (FindLiveObjects: 0.205900 ms CreateObjectMapping: 0.042400 ms MarkObjects: 1.408100 ms  DeleteObjects: 0.021100 ms)

========================================================================
Received Import Request.
  Time since last request: 253.780203 seconds.
  path: Assets/Script/DataManager.cs
  artifactKey: Guid(37c778312c7fc884da1b70667504a61d) Importer(815301076,1909f56bfc062723c751e8b465ee728b)
Start importing Assets/Script/DataManager.cs using Guid(37c778312c7fc884da1b70667504a61d) Importer(815301076,1909f56bfc062723c751e8b465ee728b)  -> (artifact id: 'b288d7eaa5663ee1373c6a0a9b41b7eb') in 0.005445 seconds
  Import took 0.008112 seconds .

========================================================================
Received Import Request.
  Time since last request: 0.000423 seconds.
  path: Assets/Script/DataManager.cs
  artifactKey: Guid(37c778312c7fc884da1b70667504a61d) Importer(815301076,1909f56bfc062723c751e8b465ee728b)
Start importing Assets/Script/DataManager.cs using Guid(37c778312c7fc884da1b70667504a61d) Importer(815301076,1909f56bfc062723c751e8b465ee728b)  -> (artifact id: 'b288d7eaa5663ee1373c6a0a9b41b7eb') in 0.001347 seconds
  Import took 0.003569 seconds .

========================================================================
Received Prepare
Registering precompiled user dll's ...
Registered in 0.003374 seconds.
Begin MonoManager ReloadAssembly
Native extension for WindowsStandalone target not found
Refreshing native plugins compatible for Editor in 0.47 ms, found 2 plugins.
Preloading 0 native plugins for Editor in 0.00 ms.
Invoked RoslynAnalysisRunner static constructor.
RoslynAnalysisRunner will not be running.
RoslynAnalysisRunner has terminated.
Mono: successfully reloaded assembly
- Completed reload, in  0.717 seconds
Platform modules already initialized, skipping
Refreshing native plugins compatible for Editor in 0.58 ms, found 2 plugins.
Preloading 0 native plugins for Editor in 0.00 ms.
Unloading 1805 Unused Serialized files (Serialized files now loaded: 0)
System memory in use before: 86.8 MB.
System memory in use after: 86.9 MB.

Unloading 23 unused Assets to reduce memory usage. Loaded Objects now: 2391.
Total: 2.185000 ms (FindLiveObjects: 0.298200 ms CreateObjectMapping: 0.047500 ms MarkObjects: 1.812500 ms  DeleteObjects: 0.025300 ms)

========================================================================
Received Prepare
Registering precompiled user dll's ...
Registered in 0.003404 seconds.
Begin MonoManager ReloadAssembly
Native extension for WindowsStandalone target not found
Refreshing native plugins compatible for Editor in 0.46 ms, found 2 plugins.
Preloading 0 native plugins for Editor in 0.00 ms.
Invoked RoslynAnalysisRunner static constructor.
RoslynAnalysisRunner will not be running.
RoslynAnalysisRunner has terminated.
Mono: successfully reloaded assembly
- Completed reload, in  0.717 seconds
Platform modules already initialized, skipping
Refreshing native plugins compatible for Editor in 0.50 ms, found 2 plugins.
Preloading 0 native plugins for Editor in 0.00 ms.
Unloading 1805 Unused Serialized files (Serialized files now loaded: 0)
System memory in use before: 86.9 MB.
System memory in use after: 87.0 MB.

Unloading 23 unused Assets to reduce memory usage. Loaded Objects now: 2394.
Total: 1.722800 ms (FindLiveObjects: 0.207000 ms CreateObjectMapping: 0.044100 ms MarkObjects: 1.453100 ms  DeleteObjects: 0.017500 ms)

========================================================================
Received Import Request.
  Time since last request: 115.267322 seconds.
  path: Assets/Script/SaveData.cs
  artifactKey: Guid(ec69622d979ecb8428f72187a7a086bc) Importer(815301076,1909f56bfc062723c751e8b465ee728b)
Start importing Assets/Script/SaveData.cs using Guid(ec69622d979ecb8428f72187a7a086bc) Importer(815301076,1909f56bfc062723c751e8b465ee728b)  -> (artifact id: '94aabaebf41ad1771781f8d44dcbf5af') in 0.007099 seconds
  Import took 0.009850 seconds .

========================================================================
Received Prepare
Registering precompiled user dll's ...
Registered in 0.003638 seconds.
Begin MonoManager ReloadAssembly
Native extension for WindowsStandalone target not found
Refreshing native plugins compatible for Editor in 0.46 ms, found 2 plugins.
Preloading 0 native plugins for Editor in 0.00 ms.
Invoked RoslynAnalysisRunner static constructor.
RoslynAnalysisRunner will not be running.
RoslynAnalysisRunner has terminated.
Mono: successfully reloaded assembly
- Completed reload, in  0.748 seconds
Platform modules already initialized, skipping
Refreshing native plugins compatible for Editor in 0.47 ms, found 2 plugins.
Preloading 0 native plugins for Editor in 0.00 ms.
Unloading 1806 Unused Serialized files (Serialized files now loaded: 0)
System memory in use before: 87.0 MB.
System memory in use after: 87.1 MB.

Unloading 23 unused Assets to reduce memory usage. Loaded Objects now: 2398.
Total: 1.816600 ms (FindLiveObjects: 0.225700 ms CreateObjectMapping: 0.041300 ms MarkObjects: 1.524400 ms  DeleteObjects: 0.024400 ms)

========================================================================
Received Prepare
Registering precompiled user dll's ...
Registered in 0.003628 seconds.
Begin MonoManager ReloadAssembly
Native extension for WindowsStandalone target not found
Refreshing native plugins compatible for Editor in 0.49 ms, found 2 plugins.
Preloading 0 native plugins for Editor in 0.00 ms.
Invoked RoslynAnalysisRunner static constructor.
RoslynAnalysisRunner will not be running.
RoslynAnalysisRunner has terminated.
Mono: successfully reloaded assembly
- Completed reload, in  0.743 seconds
Platform modules already initialized, skipping
Refreshing native plugins compatible for Editor in 0.46 ms, found 2 plugins.
Preloading 0 native plugins for Editor in 0.00 ms.
Unloading 1806 Unused Serialized files (Serialized files now loaded: 0)
System memory in use before: 87.0 MB.
System memory in use after: 87.2 MB.

Unloading 23 unused Assets to reduce memory usage. Loaded Objects now: 2401.
Total: 1.741700 ms (FindLiveObjects: 0.236400 ms CreateObjectMapping: 0.041500 ms MarkObjects: 1.448300 ms  DeleteObjects: 0.014600 ms)

========================================================================
Received Import Request.
  Time since last request: 1208.808671 seconds.
  path: Assets/Script/SaveData.cs
  artifactKey: Guid(ec69622d979ecb8428f72187a7a086bc) Importer(815301076,1909f56bfc062723c751e8b465ee728b)
Start importing Assets/Script/SaveData.cs using Guid(ec69622d979ecb8428f72187a7a086bc) Importer(815301076,1909f56bfc062723c751e8b465ee728b)  -> (artifact id: '534dce6146239e8e4c674bb6e9da9aca') in 0.005618 seconds
  Import took 0.008825 seconds .

========================================================================
Received Prepare
Registering precompiled user dll's ...
Registered in 0.003332 seconds.
Begin MonoManager ReloadAssembly
Native extension for WindowsStandalone target not found
Refreshing native plugins compatible for Editor in 0.48 ms, found 2 plugins.
Preloading 0 native plugins for Editor in 0.00 ms.
Invoked RoslynAnalysisRunner static constructor.
RoslynAnalysisRunner will not be running.
RoslynAnalysisRunner has terminated.
Mono: successfully reloaded assembly
- Completed reload, in  0.717 seconds
Platform modules already initialized, skipping
Refreshing native plugins compatible for Editor in 0.46 ms, found 2 plugins.
Preloading 0 native plugins for Editor in 0.00 ms.
Unloading 1806 Unused Serialized files (Serialized files now loaded: 0)
System memory in use before: 87.1 MB.
System memory in use after: 87.3 MB.

Unloading 23 unused Assets to reduce memory usage. Loaded Objects now: 2404.
Total: 1.914600 ms (FindLiveObjects: 0.284400 ms CreateObjectMapping: 0.039200 ms MarkObjects: 1.569300 ms  DeleteObjects: 0.020600 ms)

========================================================================
Received Prepare
Registering precompiled user dll's ...
Registered in 0.003490 seconds.
Begin MonoManager ReloadAssembly
Native extension for WindowsStandalone target not found
Refreshing native plugins compatible for Editor in 0.50 ms, found 2 plugins.
Preloading 0 native plugins for Editor in 0.00 ms.
Invoked RoslynAnalysisRunner static constructor.
RoslynAnalysisRunner will not be running.
RoslynAnalysisRunner has terminated.
Mono: successfully reloaded assembly
- Completed reload, in  0.692 seconds
Platform modules already initialized, skipping
Refreshing native plugins compatible for Editor in 0.42 ms, found 2 plugins.
Preloading 0 native plugins for Editor in 0.00 ms.
Unloading 1806 Unused Serialized files (Serialized files now loaded: 0)
System memory in use before: 87.2 MB.
System memory in use after: 87.3 MB.

Unloading 23 unused Assets to reduce memory usage. Loaded Objects now: 2407.
Total: 1.875200 ms (FindLiveObjects: 0.266900 ms CreateObjectMapping: 0.041800 ms MarkObjects: 1.544000 ms  DeleteObjects: 0.021600 ms)

========================================================================
Received Import Request.
  Time since last request: 258.357956 seconds.
  path: Assets/Art/Player/Player_Walk/Ellen_WALK_015.png
  artifactKey: Guid(f778eb464baf95e47ab65eba1fcc7acc) Importer(815301076,1909f56bfc062723c751e8b465ee728b)
Start importing Assets/Art/Player/Player_Walk/Ellen_WALK_015.png using Guid(f778eb464baf95e47ab65eba1fcc7acc) Importer(815301076,1909f56bfc062723c751e8b465ee728b)  -> (artifact id: 'b05a098453bef1fcc6dd28eca06b02db') in 0.097402 seconds
  Import took 0.100640 seconds .

========================================================================
Received Import Request.
  Time since last request: 0.000149 seconds.
  path: Assets/Art/Player/Player_Walk/Ellen_WALK_017.png
  artifactKey: Guid(a8a6e2016a7d127428a3ed8c440157ab) Importer(815301076,1909f56bfc062723c751e8b465ee728b)
Start importing Assets/Art/Player/Player_Walk/Ellen_WALK_017.png using Guid(a8a6e2016a7d127428a3ed8c440157ab) Importer(815301076,1909f56bfc062723c751e8b465ee728b)  -> (artifact id: '96093b0ad33da9e1cca7a392de2c0022') in 0.012037 seconds
  Import took 0.014803 seconds .

========================================================================
Received Import Request.
  Time since last request: 0.000176 seconds.
  path: Assets/Art/Player/Player_Walk/Ellen_WALK_015.png
  artifactKey: Guid(f778eb464baf95e47ab65eba1fcc7acc) Importer(815301076,1909f56bfc062723c751e8b465ee728b)
Start importing Assets/Art/Player/Player_Walk/Ellen_WALK_015.png using Guid(f778eb464baf95e47ab65eba1fcc7acc) Importer(815301076,1909f56bfc062723c751e8b465ee728b)  -> (artifact id: 'b05a098453bef1fcc6dd28eca06b02db') in 0.007431 seconds
  Import took 0.010009 seconds .

========================================================================
Received Import Request.
  Time since last request: 0.000169 seconds.
  path: Assets/Art/Player/Player_Walk/Ellen_WALK_021.png
  artifactKey: Guid(0443044e0c1878842bddd8c132eed3d2) Importer(815301076,1909f56bfc062723c751e8b465ee728b)
Start importing Assets/Art/Player/Player_Walk/Ellen_WALK_021.png using Guid(0443044e0c1878842bddd8c132eed3d2) Importer(815301076,1909f56bfc062723c751e8b465ee728b)  -> (artifact id: 'cc827d0bc302a260571f7ef607aad110') in 0.016422 seconds
  Import took 0.019168 seconds .

========================================================================
Received Import Request.
  Time since last request: 0.000154 seconds.
  path: Assets/Art/Player/Player_Walk/Ellen_WALK_017.png
  artifactKey: Guid(a8a6e2016a7d127428a3ed8c440157ab) Importer(815301076,1909f56bfc062723c751e8b465ee728b)
Start importing Assets/Art/Player/Player_Walk/Ellen_WALK_017.png using Guid(a8a6e2016a7d127428a3ed8c440157ab) Importer(815301076,1909f56bfc062723c751e8b465ee728b)  -> (artifact id: '96093b0ad33da9e1cca7a392de2c0022') in 0.006697 seconds
  Import took 0.008970 seconds .

========================================================================
Received Import Request.
  Time since last request: 0.000154 seconds.
  path: Assets/Art/Player/Player_Walk/Ellen_WALK_019.png
  artifactKey: Guid(32768246d97f8ed448dd2055d9a0dd4f) Importer(815301076,1909f56bfc062723c751e8b465ee728b)
Start importing Assets/Art/Player/Player_Walk/Ellen_WALK_019.png using Guid(32768246d97f8ed448dd2055d9a0dd4f) Importer(815301076,1909f56bfc062723c751e8b465ee728b)  -> (artifact id: 'c0f111b95546f790dd1af7c8a6849026') in 0.012670 seconds
  Import took 0.015027 seconds .

========================================================================
Received Import Request.
  Time since last request: 0.000137 seconds.
  path: Assets/Art/Player/Player_Walk/Ellen_WALK_025.png
  artifactKey: Guid(76b97e9bb5d9bc540a30f2d235ff3ecd) Importer(815301076,1909f56bfc062723c751e8b465ee728b)
Start importing Assets/Art/Player/Player_Walk/Ellen_WALK_025.png using Guid(76b97e9bb5d9bc540a30f2d235ff3ecd) Importer(815301076,1909f56bfc062723c751e8b465ee728b)  -> (artifact id: '09193e462de410acc8475d670628e920') in 0.013111 seconds
  Import took 0.015539 seconds .

========================================================================
Received Import Request.
  Time since last request: 0.000145 seconds.
  path: Assets/Art/Player/Player_Walk/Ellen_WALK_029.png
  artifactKey: Guid(9bf43eaef1712164c98a7cc4474df762) Importer(815301076,1909f56bfc062723c751e8b465ee728b)
Start importing Assets/Art/Player/Player_Walk/Ellen_WALK_029.png using Guid(9bf43eaef1712164c98a7cc4474df762) Importer(815301076,1909f56bfc062723c751e8b465ee728b)  -> (artifact id: '94e63b13287eab6a46406232cd9c0023') in 0.021059 seconds
  Import took 0.023659 seconds .

========================================================================
Received Import Request.
  Time since last request: 0.000154 seconds.
  path: Assets/Art/Player/Player_Walk/Ellen_WALK_023.png
  artifactKey: Guid(14418f7e3d125c44e9d20bb5d29c31c6) Importer(815301076,1909f56bfc062723c751e8b465ee728b)
Start importing Assets/Art/Player/Player_Walk/Ellen_WALK_023.png using Guid(14418f7e3d125c44e9d20bb5d29c31c6) Importer(815301076,1909f56bfc062723c751e8b465ee728b)  -> (artifact id: '415605ea347ef3a0499b9aa51d74b457') in 0.011860 seconds
  Import took 0.014175 seconds .

========================================================================
Received Import Request.
  Time since last request: 0.000137 seconds.
  path: Assets/Art/Player/Player_Walk/Ellen_WALK_027.png
  artifactKey: Guid(ba6cf840b1643ca459c74e1ff2b638fb) Importer(815301076,1909f56bfc062723c751e8b465ee728b)
Start importing Assets/Art/Player/Player_Walk/Ellen_WALK_027.png using Guid(ba6cf840b1643ca459c74e1ff2b638fb) Importer(815301076,1909f56bfc062723c751e8b465ee728b)  -> (artifact id: 'ed868a1b53c4f0096fe9c98c2f810f3f') in 0.011173 seconds
  Import took 0.013477 seconds .

========================================================================
Received Import Request.
  Time since last request: 1.128860 seconds.
  path: Assets/Art/Enemies/walk/ChomperWalk_00015.png
  artifactKey: Guid(8ec6ab1636b63ff4fa77b22096466e64) Importer(815301076,1909f56bfc062723c751e8b465ee728b)
Start importing Assets/Art/Enemies/walk/ChomperWalk_00015.png using Guid(8ec6ab1636b63ff4fa77b22096466e64) Importer(815301076,1909f56bfc062723c751e8b465ee728b)  -> (artifact id: '780fbdb2690358c1b1b1ba633dcec56c') in 0.010126 seconds
  Import took 0.012848 seconds .

========================================================================
Received Import Request.
  Time since last request: 0.000165 seconds.
  path: Assets/Art/Player/Player_Walk/Ellen_WALK_009.png
  artifactKey: Guid(5a47257ecfaccd649ab9a3fb2abce38e) Importer(815301076,1909f56bfc062723c751e8b465ee728b)
Start importing Assets/Art/Player/Player_Walk/Ellen_WALK_009.png using Guid(5a47257ecfaccd649ab9a3fb2abce38e) Importer(815301076,1909f56bfc062723c751e8b465ee728b)  -> (artifact id: 'f175aa35051186c6eaddb6c2a8b4cc53') in 0.009241 seconds
  Import took 0.011582 seconds .

========================================================================
Received Import Request.
  Time since last request: 0.000161 seconds.
  path: Assets/Art/Player/Player_Walk/Ellen_WALK_013.png
  artifactKey: Guid(ddf1277d01c15ce468b73ca76c986f46) Importer(815301076,1909f56bfc062723c751e8b465ee728b)
Start importing Assets/Art/Player/Player_Walk/Ellen_WALK_013.png using Guid(ddf1277d01c15ce468b73ca76c986f46) Importer(815301076,1909f56bfc062723c751e8b465ee728b)  -> (artifact id: 'bda6bd42caf74d71d7eaa3461f0a9fde') in 0.009997 seconds
  Import took 0.012277 seconds .

========================================================================
Received Import Request.
  Time since last request: 0.000153 seconds.
  path: Assets/Art/Player/Player_Walk/Ellen_WALK_011.png
  artifactKey: Guid(ac295881250b0004f8846ffd864a8a55) Importer(815301076,1909f56bfc062723c751e8b465ee728b)
Start importing Assets/Art/Player/Player_Walk/Ellen_WALK_011.png using Guid(ac295881250b0004f8846ffd864a8a55) Importer(815301076,1909f56bfc062723c751e8b465ee728b)  -> (artifact id: 'bf29cb9bb97f40a3b39776cad624bf80') in 0.011010 seconds
  Import took 0.013537 seconds .

========================================================================
Received Import Request.
  Time since last request: 0.000170 seconds.
  path: Assets/Art/Player/Player_Walk/Ellen_WALK_007.png
  artifactKey: Guid(e095b8f29e0707a46bba0f01b694494b) Importer(815301076,1909f56bfc062723c751e8b465ee728b)
Start importing Assets/Art/Player/Player_Walk/Ellen_WALK_007.png using Guid(e095b8f29e0707a46bba0f01b694494b) Importer(815301076,1909f56bfc062723c751e8b465ee728b)  -> (artifact id: 'e531bd6c7aeb3d45f384c7862665c467') in 0.009901 seconds
  Import took 0.012500 seconds .

========================================================================
Received Import Request.
  Time since last request: 0.000149 seconds.
  path: Assets/Art/Enemies/walk/ChomperWalk_00017.png
  artifactKey: Guid(34494813c7fc7354fab0e01fe85ae46d) Importer(815301076,1909f56bfc062723c751e8b465ee728b)
Start importing Assets/Art/Enemies/walk/ChomperWalk_00017.png using Guid(34494813c7fc7354fab0e01fe85ae46d) Importer(815301076,1909f56bfc062723c751e8b465ee728b)  -> (artifact id: '51e05cc7607af070f103f20c0edc0ebb') in 0.010858 seconds
  Import took 0.013156 seconds .

========================================================================
Received Import Request.
  Time since last request: 0.000137 seconds.
  path: Assets/Art/Enemies/death/ChomperDEATH_Paint_09.png
  artifactKey: Guid(52062a23eb521ef46bccb40ea8a37dfb) Importer(815301076,1909f56bfc062723c751e8b465ee728b)
Start importing Assets/Art/Enemies/death/ChomperDEATH_Paint_09.png using Guid(52062a23eb521ef46bccb40ea8a37dfb) Importer(815301076,1909f56bfc062723c751e8b465ee728b)  -> (artifact id: '8be0a19ec3453dd440797654f372448a') in 0.013143 seconds
  Import took 0.015542 seconds .

========================================================================
Received Import Request.
  Time since last request: 0.000175 seconds.
  path: Assets/Art/Enemies/walk/ChomperWalk_00007.png
  artifactKey: Guid(34bae978a5f8b794cb708df109ae9e90) Importer(815301076,1909f56bfc062723c751e8b465ee728b)
Start importing Assets/Art/Enemies/walk/ChomperWalk_00007.png using Guid(34bae978a5f8b794cb708df109ae9e90) Importer(815301076,1909f56bfc062723c751e8b465ee728b)  -> (artifact id: 'b9a33c2843d2e0b3009447e42ad80712') in 0.011196 seconds
  Import took 0.013629 seconds .

========================================================================
Received Import Request.
  Time since last request: 0.000201 seconds.
  path: Assets/Art/Enemies/death/ChomperDEATH_Paint_11.png
  artifactKey: Guid(c6ff7165bb2652d4ea378fedff73cc00) Importer(815301076,1909f56bfc062723c751e8b465ee728b)
Start importing Assets/Art/Enemies/death/ChomperDEATH_Paint_11.png using Guid(c6ff7165bb2652d4ea378fedff73cc00) Importer(815301076,1909f56bfc062723c751e8b465ee728b)  -> (artifact id: '2c73bf81b93df87817d1cd2f6f73ade0') in 0.009371 seconds
  Import took 0.012053 seconds .

========================================================================
Received Import Request.
  Time since last request: 0.000151 seconds.
  path: Assets/Art/Enemies/walk/ChomperWalk_00013.png
  artifactKey: Guid(e4a6337cf149e7e42b6b834bc14aa342) Importer(815301076,1909f56bfc062723c751e8b465ee728b)
Start importing Assets/Art/Enemies/walk/ChomperWalk_00013.png using Guid(e4a6337cf149e7e42b6b834bc14aa342) Importer(815301076,1909f56bfc062723c751e8b465ee728b)  -> (artifact id: 'ada7744f3fb1f21f7ffce7378a8fe4de') in 0.010160 seconds
  Import took 0.012569 seconds .

========================================================================
Received Import Request.
  Time since last request: 0.000145 seconds.
  path: Assets/Art/Enemies/walk/ChomperWalk_00011.png
  artifactKey: Guid(9e73a36894b771e45b6d77a9b0d20220) Importer(815301076,1909f56bfc062723c751e8b465ee728b)
Start importing Assets/Art/Enemies/walk/ChomperWalk_00011.png using Guid(9e73a36894b771e45b6d77a9b0d20220) Importer(815301076,1909f56bfc062723c751e8b465ee728b)  -> (artifact id: '13f113007433d65d9648efac24e06130') in 0.010740 seconds
  Import took 0.013064 seconds .

========================================================================
Received Import Request.
  Time since last request: 0.000133 seconds.
  path: Assets/Art/Enemies/walk/ChomperWalk_00009.png
  artifactKey: Guid(1ea262475fb61db49aacb41cbc2384df) Importer(815301076,1909f56bfc062723c751e8b465ee728b)
Start importing Assets/Art/Enemies/walk/ChomperWalk_00009.png using Guid(1ea262475fb61db49aacb41cbc2384df) Importer(815301076,1909f56bfc062723c751e8b465ee728b)  -> (artifact id: 'deb5eb8517bfa9c3e2618301fa4ce16b') in 0.012629 seconds
  Import took 0.014974 seconds .

========================================================================
Received Import Request.
  Time since last request: 0.000154 seconds.
  path: Assets/Art/Enemies/walk/ChomperWalk_00003.png
  artifactKey: Guid(8200d3abbdf3dcb4e87bc0632e385540) Importer(815301076,1909f56bfc062723c751e8b465ee728b)
Start importing Assets/Art/Enemies/walk/ChomperWalk_00003.png using Guid(8200d3abbdf3dcb4e87bc0632e385540) Importer(815301076,1909f56bfc062723c751e8b465ee728b)  -> (artifact id: 'e61fb762fafe9cb171d4ccaa6f2813f8') in 0.008900 seconds
  Import took 0.011523 seconds .

========================================================================
Received Import Request.
  Time since last request: 0.000148 seconds.
  path: Assets/Art/Enemies/walk/ChomperWalk_00019.png
  artifactKey: Guid(10875fea8756a2540af99c582784f857) Importer(815301076,1909f56bfc062723c751e8b465ee728b)
Start importing Assets/Art/Enemies/walk/ChomperWalk_00019.png using Guid(10875fea8756a2540af99c582784f857) Importer(815301076,1909f56bfc062723c751e8b465ee728b)  -> (artifact id: '7e377e10b85c381e14b3e24732a250bb') in 0.010711 seconds
  Import took 0.013081 seconds .

========================================================================
Received Import Request.
  Time since last request: 0.000176 seconds.
  path: Assets/Art/Enemies/walk/ChomperWalk_00005.png
  artifactKey: Guid(eb8a15e56eebaff4ea6105bc22cb5071) Importer(815301076,1909f56bfc062723c751e8b465ee728b)
Start importing Assets/Art/Enemies/walk/ChomperWalk_00005.png using Guid(eb8a15e56eebaff4ea6105bc22cb5071) Importer(815301076,1909f56bfc062723c751e8b465ee728b)  -> (artifact id: '04bbae00389f1848490c4ad8982c76ce') in 0.009889 seconds
  Import took 0.012486 seconds .

========================================================================
Received Import Request.
  Time since last request: 0.000147 seconds.
  path: Assets/Art/Enemies/walk/ChomperWalk_00001.png
  artifactKey: Guid(eb909215ccfc39740b1db4e397ca4c7e) Importer(815301076,1909f56bfc062723c751e8b465ee728b)
Start importing Assets/Art/Enemies/walk/ChomperWalk_00001.png using Guid(eb909215ccfc39740b1db4e397ca4c7e) Importer(815301076,1909f56bfc062723c751e8b465ee728b)  -> (artifact id: 'ec7dc6d232e3907e5fdbf4e0c6805302') in 0.011960 seconds
  Import took 0.014235 seconds .

========================================================================
Received Import Request.
  Time since last request: 0.000148 seconds.
  path: Assets/Art/Player/Player_Walk/Ellen_WALK_005.png
  artifactKey: Guid(2bae1596d2538534795a4a04eb279343) Importer(815301076,1909f56bfc062723c751e8b465ee728b)
Start importing Assets/Art/Player/Player_Walk/Ellen_WALK_005.png using Guid(2bae1596d2538534795a4a04eb279343) Importer(815301076,1909f56bfc062723c751e8b465ee728b)  -> (artifact id: 'ac1e99747a1e0a49e7dcd3e5619b5cc8') in 0.010099 seconds
  Import took 0.012442 seconds .

========================================================================
Received Import Request.
  Time since last request: 0.000135 seconds.
  path: Assets/Art/Enemies/death/ChomperDEATH_Paint_13.png
  artifactKey: Guid(b6925dd0db71be7458712d10cd1e6d14) Importer(815301076,1909f56bfc062723c751e8b465ee728b)
Start importing Assets/Art/Enemies/death/ChomperDEATH_Paint_13.png using Guid(b6925dd0db71be7458712d10cd1e6d14) Importer(815301076,1909f56bfc062723c751e8b465ee728b)  -> (artifact id: 'e779c938118ba92c2d0c456efefec13a') in 0.011790 seconds
  Import took 0.014132 seconds .

========================================================================
Received Import Request.
  Time since last request: 0.000189 seconds.
  path: Assets/Art/Player/Player_Walk/Ellen_WALK_003.png
  artifactKey: Guid(82319100afdea4047a0f2fe97e5bcee7) Importer(815301076,1909f56bfc062723c751e8b465ee728b)
Start importing Assets/Art/Player/Player_Walk/Ellen_WALK_003.png using Guid(82319100afdea4047a0f2fe97e5bcee7) Importer(815301076,1909f56bfc062723c751e8b465ee728b)  -> (artifact id: '13aba84dbd672f15b94fac6a5df5a517') in 0.009421 seconds
  Import took 0.011943 seconds .

========================================================================
Received Import Request.
  Time since last request: 0.000138 seconds.
  path: Assets/Art/Player/Player_Walk/Ellen_WALK_001.png
  artifactKey: Guid(bd82eea6a5936af4ebf011a4bcfcd5a8) Importer(815301076,1909f56bfc062723c751e8b465ee728b)
Start importing Assets/Art/Player/Player_Walk/Ellen_WALK_001.png using Guid(bd82eea6a5936af4ebf011a4bcfcd5a8) Importer(815301076,1909f56bfc062723c751e8b465ee728b)  -> (artifact id: '62e981cd35c3ef589113d8812abeb53b') in 0.012840 seconds
  Import took 0.015235 seconds .

========================================================================
Received Import Request.
  Time since last request: 179.544587 seconds.
  path: Assets/Script/Player.cs
  artifactKey: Guid(07df24cb235447744b3a1ce5b7f3ed61) Importer(815301076,1909f56bfc062723c751e8b465ee728b)
Start importing Assets/Script/Player.cs using Guid(07df24cb235447744b3a1ce5b7f3ed61) Importer(815301076,1909f56bfc062723c751e8b465ee728b)  -> (artifact id: '2952ffc03a4fc9b6c9521bed15a2bcf0') in 0.006069 seconds
  Import took 0.008813 seconds .

========================================================================
Received Prepare
Registering precompiled user dll's ...
Registered in 0.003465 seconds.
Begin MonoManager ReloadAssembly
Native extension for WindowsStandalone target not found
Refreshing native plugins compatible for Editor in 0.49 ms, found 2 plugins.
Preloading 0 native plugins for Editor in 0.00 ms.
Invoked RoslynAnalysisRunner static constructor.
RoslynAnalysisRunner will not be running.
RoslynAnalysisRunner has terminated.
Mono: successfully reloaded assembly
- Completed reload, in  0.704 seconds
Platform modules already initialized, skipping
Refreshing native plugins compatible for Editor in 0.47 ms, found 2 plugins.
Preloading 0 native plugins for Editor in 0.00 ms.
Unloading 1806 Unused Serialized files (Serialized files now loaded: 0)
System memory in use before: 89.4 MB.
System memory in use after: 89.5 MB.

Unloading 23 unused Assets to reduce memory usage. Loaded Objects now: 2418.
Total: 1.971700 ms (FindLiveObjects: 0.319400 ms CreateObjectMapping: 0.043900 ms MarkObjects: 1.583900 ms  DeleteObjects: 0.023500 ms)

========================================================================
Received Import Request.
  Time since last request: 271.346707 seconds.
  path: Assets/Script/Player.cs
  artifactKey: Guid(07df24cb235447744b3a1ce5b7f3ed61) Importer(815301076,1909f56bfc062723c751e8b465ee728b)
Start importing Assets/Script/Player.cs using Guid(07df24cb235447744b3a1ce5b7f3ed61) Importer(815301076,1909f56bfc062723c751e8b465ee728b)  -> (artifact id: '79c3bb3fc960e798011ff17e27a2a259') in 0.003496 seconds
  Import took 0.006012 seconds .

========================================================================
Received Prepare
Registering precompiled user dll's ...
Registered in 0.003461 seconds.
Begin MonoManager ReloadAssembly
Native extension for WindowsStandalone target not found
Refreshing native plugins compatible for Editor in 0.51 ms, found 2 plugins.
Preloading 0 native plugins for Editor in 0.00 ms.
Invoked RoslynAnalysisRunner static constructor.
RoslynAnalysisRunner will not be running.
RoslynAnalysisRunner has terminated.
Mono: successfully reloaded assembly
- Completed reload, in  0.732 seconds
Platform modules already initialized, skipping
Refreshing native plugins compatible for Editor in 0.43 ms, found 2 plugins.
Preloading 0 native plugins for Editor in 0.00 ms.
Unloading 1806 Unused Serialized files (Serialized files now loaded: 0)
System memory in use before: 89.5 MB.
System memory in use after: 89.6 MB.

Unloading 23 unused Assets to reduce memory usage. Loaded Objects now: 2421.
Total: 1.856700 ms (FindLiveObjects: 0.227200 ms CreateObjectMapping: 0.040900 ms MarkObjects: 1.567100 ms  DeleteObjects: 0.020700 ms)

========================================================================
Received Prepare
Registering precompiled user dll's ...
Registered in 0.003501 seconds.
Begin MonoManager ReloadAssembly
Native extension for WindowsStandalone target not found
Refreshing native plugins compatible for Editor in 0.46 ms, found 2 plugins.
Preloading 0 native plugins for Editor in 0.00 ms.
Invoked RoslynAnalysisRunner static constructor.
RoslynAnalysisRunner will not be running.
RoslynAnalysisRunner has terminated.
Mono: successfully reloaded assembly
- Completed reload, in  0.728 seconds
Platform modules already initialized, skipping
Refreshing native plugins compatible for Editor in 0.45 ms, found 2 plugins.
Preloading 0 native plugins for Editor in 0.00 ms.
Unloading 1806 Unused Serialized files (Serialized files now loaded: 0)
System memory in use before: 89.6 MB.
System memory in use after: 89.7 MB.

Unloading 23 unused Assets to reduce memory usage. Loaded Objects now: 2424.
Total: 1.835800 ms (FindLiveObjects: 0.239100 ms CreateObjectMapping: 0.042500 ms MarkObjects: 1.535700 ms  DeleteObjects: 0.017600 ms)

========================================================================
Received Prepare
Registering precompiled user dll's ...
Registered in 0.003560 seconds.
Begin MonoManager ReloadAssembly
Native extension for WindowsStandalone target not found
Refreshing native plugins compatible for Editor in 0.45 ms, found 2 plugins.
Preloading 0 native plugins for Editor in 0.00 ms.
Invoked RoslynAnalysisRunner static constructor.
RoslynAnalysisRunner will not be running.
RoslynAnalysisRunner has terminated.
Mono: successfully reloaded assembly
- Completed reload, in  0.729 seconds
Platform modules already initialized, skipping
Refreshing native plugins compatible for Editor in 0.45 ms, found 2 plugins.
Preloading 0 native plugins for Editor in 0.00 ms.
Unloading 1806 Unused Serialized files (Serialized files now loaded: 0)
System memory in use before: 89.7 MB.
System memory in use after: 89.8 MB.

Unloading 23 unused Assets to reduce memory usage. Loaded Objects now: 2427.
Total: 1.877600 ms (FindLiveObjects: 0.268600 ms CreateObjectMapping: 0.044000 ms MarkObjects: 1.543900 ms  DeleteObjects: 0.020200 ms)

========================================================================
Received Prepare
Registering precompiled user dll's ...
Registered in 0.003571 seconds.
Begin MonoManager ReloadAssembly
Native extension for WindowsStandalone target not found
Refreshing native plugins compatible for Editor in 0.88 ms, found 2 plugins.
Preloading 0 native plugins for Editor in 0.00 ms.
Invoked RoslynAnalysisRunner static constructor.
RoslynAnalysisRunner will not be running.
RoslynAnalysisRunner has terminated.
Mono: successfully reloaded assembly
- Completed reload, in  0.927 seconds
Platform modules already initialized, skipping
Switching build target platform(5) subTarget(0) extendedPlatform(0) -> platform(13) subTarget(537395200) extendedPlatform(0)
Refreshing native plugins compatible for Editor in 0.49 ms, found 2 plugins.
Preloading 0 native plugins for Editor in 0.00 ms.
Unloading 1810 Unused Serialized files (Serialized files now loaded: 0)
System memory in use before: 89.7 MB.
System memory in use after: 89.8 MB.

Unloading 23 unused Assets to reduce memory usage. Loaded Objects now: 2430.
Total: 1.732600 ms (FindLiveObjects: 0.243100 ms CreateObjectMapping: 0.042700 ms MarkObjects: 1.428800 ms  DeleteObjects: 0.017200 ms)

AssetImportParameters requested are different than current active one (requested -> active):
  custom:graphics/normal-map-encoding: 01000000000000000000000000000000 -> 02000000000000000000000000000000
========================================================================
Received Prepare
Refreshing native plugins compatible for Editor in 2.83 ms, found 2 plugins.
Preloading 0 native plugins for Editor in 0.00 ms.
Unloading 21 Unused Serialized files (Serialized files now loaded: 0)
System memory in use before: 54.4 MB.
System memory in use after: 54.5 MB.

Unloading 21 unused Assets to reduce memory usage. Loaded Objects now: 2430.
Total: 1.859700 ms (FindLiveObjects: 0.238400 ms CreateObjectMapping: 0.049700 ms MarkObjects: 1.549900 ms  DeleteObjects: 0.020600 ms)

========================================================================
Received Prepare
Registering precompiled user dll's ...
Registered in 0.003397 seconds.
Begin MonoManager ReloadAssembly
Native extension for WindowsStandalone target not found
Refreshing native plugins compatible for Editor in 0.46 ms, found 2 plugins.
Preloading 0 native plugins for Editor in 0.00 ms.
Invoked RoslynAnalysisRunner static constructor.
RoslynAnalysisRunner will not be running.
RoslynAnalysisRunner has terminated.
Mono: successfully reloaded assembly
- Completed reload, in  0.853 seconds
Platform modules already initialized, skipping
Switching build target platform(5) subTarget(0) extendedPlatform(0) -> platform(13) subTarget(537395200) extendedPlatform(0)
Refreshing native plugins compatible for Editor in 0.49 ms, found 2 plugins.
Preloading 0 native plugins for Editor in 0.00 ms.
Unloading 1810 Unused Serialized files (Serialized files now loaded: 0)
System memory in use before: 89.8 MB.
System memory in use after: 89.9 MB.

Unloading 23 unused Assets to reduce memory usage. Loaded Objects now: 2433.
Total: 1.816700 ms (FindLiveObjects: 0.214600 ms CreateObjectMapping: 0.040500 ms MarkObjects: 1.539200 ms  DeleteObjects: 0.021500 ms)

AssetImportParameters requested are different than current active one (requested -> active):
  custom:graphics/normal-map-encoding: 01000000000000000000000000000000 -> 02000000000000000000000000000000
AssetImportWorkerClient::OnTransportError - code=2 error=End of file
